<?xml version="1.0" encoding="UTF-8" ?>
<testsuite failures="0" time="0.116" errors="0" skipped="0" tests="3" name="fr.univartois.ili.fsnet.facade.test.ProfileFacadeTest">
  <properties>
    <property name="java.runtime.name" value="OpenJDK Runtime Environment"/>
    <property name="sun.boot.library.path" value="/usr/lib/jvm/java-6-openjdk/jre/lib/i386"/>
    <property name="java.vm.version" value="20.0-b11"/>
    <property name="java.vm.vendor" value="Sun Microsystems Inc."/>
    <property name="java.vendor.url" value="http://java.sun.com/"/>
    <property name="path.separator" value=":"/>
    <property name="java.vm.name" value="OpenJDK Server VM"/>
    <property name="file.encoding.pkg" value="sun.io"/>
    <property name="user.country" value="FR"/>
    <property name="sun.java.launcher" value="SUN_STANDARD"/>
    <property name="sun.os.patch.level" value="unknown"/>
    <property name="java.vm.specification.name" value="Java Virtual Machine Specification"/>
    <property name="user.dir" value="/homelocal/lah/git/fsnet/facade"/>
    <property name="java.runtime.version" value="1.6.0_22-b22"/>
    <property name="java.awt.graphicsenv" value="sun.awt.X11GraphicsEnvironment"/>
    <property name="basedir" value="/homelocal/lah/git/fsnet/facade"/>
    <property name="java.endorsed.dirs" value="/usr/lib/jvm/java-6-openjdk/jre/lib/endorsed"/>
    <property name="os.arch" value="i386"/>
    <property name="surefire.real.class.path" value="/homelocal/lah/git/fsnet/facade/target/surefire/surefirebooter3384245109021507796.jar"/>
    <property name="java.io.tmpdir" value="/tmp"/>
    <property name="line.separator" value="
"/>
    <property name="java.vm.specification.vendor" value="Sun Microsystems Inc."/>
    <property name="os.name" value="Linux"/>
    <property name="sun.jnu.encoding" value="UTF-8"/>
    <property name="java.library.path" value="/usr/lib/jvm/java-6-openjdk/jre/lib/i386/server:/usr/lib/jvm/java-6-openjdk/jre/lib/i386:/usr/lib/jvm/java-6-openjdk/jre/../lib/i386:/usr/lib/jvm/java-6-openjdk/jre/lib/i386/client:/usr/lib/jvm/java-6-openjdk/jre/lib/i386::/usr/java/packages/lib/i386:/usr/lib/i386-linux-gnu/jni:/lib/i386-linux-gnu:/usr/lib/i386-linux-gnu:/usr/lib/jni:/lib:/usr/lib"/>
    <property name="surefire.test.class.path" value="/homelocal/lah/git/fsnet/facade/target/test-classes:/homelocal/lah/git/fsnet/facade/target/classes:/homelocal/lah/git/fsnet/commons/target/commons-0.7.3-SNAPSHOT.jar:/homelocal/lah/.m2/repository/javax/mail/mail/1.4.3/mail-1.4.3.jar:/homelocal/lah/.m2/repository/javax/activation/activation/1.1/activation-1.1.jar:/homelocal/lah/.m2/repository/javax/servlet/servlet-api/2.5/servlet-api-2.5.jar:/homelocal/lah/git/fsnet/entities/target/entities-0.7.3-SNAPSHOT.jar:/homelocal/lah/.m2/repository/junit/junit/4.8.2/junit-4.8.2.jar:/homelocal/lah/.m2/repository/org/eclipse/persistence/javax.persistence/2.0.0/javax.persistence-2.0.0.jar:/homelocal/lah/.m2/repository/org/eclipse/persistence/eclipselink/2.1.2/eclipselink-2.1.2.jar:/homelocal/lah/.m2/repository/org/apache/derby/derby/10.6.2.1/derby-10.6.2.1.jar:"/>
    <property name="java.specification.name" value="Java Platform API Specification"/>
    <property name="java.class.version" value="50.0"/>
    <property name="sun.management.compiler" value="HotSpot Tiered Compilers"/>
    <property name="os.version" value="2.6.38-13-generic"/>
    <property name="user.home" value="/homelocal/lah"/>
    <property name="user.timezone" value="Europe/Paris"/>
    <property name="java.awt.printerjob" value="sun.print.PSPrinterJob"/>
    <property name="file.encoding" value="UTF-8"/>
    <property name="java.specification.version" value="1.6"/>
    <property name="user.name" value="lah"/>
    <property name="java.class.path" value="/homelocal/lah/git/fsnet/facade/target/test-classes:/homelocal/lah/git/fsnet/facade/target/classes:/homelocal/lah/git/fsnet/commons/target/commons-0.7.3-SNAPSHOT.jar:/homelocal/lah/.m2/repository/javax/mail/mail/1.4.3/mail-1.4.3.jar:/homelocal/lah/.m2/repository/javax/activation/activation/1.1/activation-1.1.jar:/homelocal/lah/.m2/repository/javax/servlet/servlet-api/2.5/servlet-api-2.5.jar:/homelocal/lah/git/fsnet/entities/target/entities-0.7.3-SNAPSHOT.jar:/homelocal/lah/.m2/repository/junit/junit/4.8.2/junit-4.8.2.jar:/homelocal/lah/.m2/repository/org/eclipse/persistence/javax.persistence/2.0.0/javax.persistence-2.0.0.jar:/homelocal/lah/.m2/repository/org/eclipse/persistence/eclipselink/2.1.2/eclipselink-2.1.2.jar:/homelocal/lah/.m2/repository/org/apache/derby/derby/10.6.2.1/derby-10.6.2.1.jar:"/>
    <property name="java.vm.specification.version" value="1.0"/>
    <property name="sun.arch.data.model" value="32"/>
    <property name="java.home" value="/usr/lib/jvm/java-6-openjdk/jre"/>
    <property name="sun.java.command" value="/homelocal/lah/git/fsnet/facade/target/surefire/surefirebooter3384245109021507796.jar /homelocal/lah/git/fsnet/facade/target/surefire/surefire4377238429947990633tmp /homelocal/lah/git/fsnet/facade/target/surefire/surefire8828844913604766603tmp"/>
    <property name="java.specification.vendor" value="Sun Microsystems Inc."/>
    <property name="user.language" value="fr"/>
    <property name="java.vm.info" value="mixed mode"/>
    <property name="java.version" value="1.6.0_22"/>
    <property name="java.ext.dirs" value="/usr/lib/jvm/java-6-openjdk/jre/lib/ext:/usr/java/packages/lib/ext"/>
    <property name="sun.boot.class.path" value="/usr/lib/jvm/java-6-openjdk/jre/lib/resources.jar:/usr/lib/jvm/java-6-openjdk/jre/lib/rt.jar:/usr/lib/jvm/java-6-openjdk/jre/lib/sunrsasign.jar:/usr/lib/jvm/java-6-openjdk/jre/lib/jsse.jar:/usr/lib/jvm/java-6-openjdk/jre/lib/jce.jar:/usr/lib/jvm/java-6-openjdk/jre/lib/charsets.jar:/usr/lib/jvm/java-6-openjdk/jre/lib/netx.jar:/usr/lib/jvm/java-6-openjdk/jre/lib/plugin.jar:/usr/lib/jvm/java-6-openjdk/jre/lib/rhino.jar:/usr/lib/jvm/java-6-openjdk/jre/lib/modules/jdk.boot.jar:/usr/lib/jvm/java-6-openjdk/jre/classes"/>
    <property name="java.vendor" value="Sun Microsystems Inc."/>
    <property name="localRepository" value="/homelocal/lah/.m2/repository"/>
    <property name="file.separator" value="/"/>
    <property name="java.vendor.url.bug" value="http://java.sun.com/cgi-bin/bugreport.cgi"/>
    <property name="sun.cpu.endian" value="little"/>
    <property name="sun.io.unicode.encoding" value="UnicodeLittle"/>
    <property name="sun.desktop" value="gnome"/>
    <property name="sun.cpu.isalist" value=""/>
  </properties>
  <testcase time="0.089" classname="fr.univartois.ili.fsnet.facade.test.ProfileFacadeTest" name="changeProfileTest"/>
  <testcase time="0.013" classname="fr.univartois.ili.fsnet.facade.test.ProfileFacadeTest" name="changePasswordTest"/>
  <testcase time="0.013" classname="fr.univartois.ili.fsnet.facade.test.ProfileFacadeTest" name="uncorrectChangePasswordTest"/>
</testsuite>