<?xml version="1.0" encoding="UTF-8" ?>
<testsuite failures="0" time="0.037" errors="0" skipped="0" tests="2" name="fr.univartois.ili.fsnet.mobile.services.client.MessagesTest">
  <properties>
    <property name="java.runtime.name" value="OpenJDK Runtime Environment"/>
    <property name="sun.boot.library.path" value="/usr/lib/jvm/java-6-openjdk/jre/lib/i386"/>
    <property name="java.vm.version" value="20.0-b11"/>
    <property name="java.vm.vendor" value="Sun Microsystems Inc."/>
    <property name="java.vendor.url" value="http://java.sun.com/"/>
    <property name="path.separator" value=":"/>
    <property name="java.vm.name" value="OpenJDK Server VM"/>
    <property name="file.encoding.pkg" value="sun.io"/>
    <property name="user.country" value="FR"/>
    <property name="sun.java.launcher" value="SUN_STANDARD"/>
    <property name="sun.os.patch.level" value="unknown"/>
    <property name="java.vm.specification.name" value="Java Virtual Machine Specification"/>
    <property name="user.dir" value="/homelocal/lah/git/fsnet/mobile-services-client"/>
    <property name="java.runtime.version" value="1.6.0_22-b22"/>
    <property name="java.awt.graphicsenv" value="sun.awt.X11GraphicsEnvironment"/>
    <property name="basedir" value="/homelocal/lah/git/fsnet/mobile-services-client"/>
    <property name="java.endorsed.dirs" value="/usr/lib/jvm/java-6-openjdk/jre/lib/endorsed"/>
    <property name="os.arch" value="i386"/>
    <property name="surefire.real.class.path" value="/homelocal/lah/git/fsnet/mobile-services-client/target/surefire/surefirebooter7941520547108619147.jar"/>
    <property name="java.io.tmpdir" value="/tmp"/>
    <property name="line.separator" value="
"/>
    <property name="java.vm.specification.vendor" value="Sun Microsystems Inc."/>
    <property name="os.name" value="Linux"/>
    <property name="sun.jnu.encoding" value="UTF-8"/>
    <property name="java.library.path" value="/usr/lib/jvm/java-6-openjdk/jre/lib/i386/server:/usr/lib/jvm/java-6-openjdk/jre/lib/i386:/usr/lib/jvm/java-6-openjdk/jre/../lib/i386:/usr/lib/jvm/java-6-openjdk/jre/lib/i386/client:/usr/lib/jvm/java-6-openjdk/jre/lib/i386::/usr/java/packages/lib/i386:/usr/lib/i386-linux-gnu/jni:/lib/i386-linux-gnu:/usr/lib/i386-linux-gnu:/usr/lib/jni:/lib:/usr/lib"/>
    <property name="surefire.test.class.path" value="/homelocal/lah/git/fsnet/mobile-services-client/target/test-classes:/homelocal/lah/git/fsnet/mobile-services-client/target/classes:/homelocal/lah/git/fsnet/mobile-services-model/target/mobile-services.jar:/homelocal/lah/.m2/repository/com/sun/jersey/jersey-json/1.4/jersey-json-1.4.jar:/homelocal/lah/.m2/repository/com/sun/jersey/jersey-core/1.4/jersey-core-1.4.jar:/homelocal/lah/.m2/repository/org/codehaus/jettison/jettison/1.1/jettison-1.1.jar:/homelocal/lah/.m2/repository/stax/stax-api/1.0.1/stax-api-1.0.1.jar:/homelocal/lah/.m2/repository/com/sun/xml/bind/jaxb-impl/2.1.12/jaxb-impl-2.1.12.jar:/homelocal/lah/.m2/repository/javax/xml/bind/jaxb-api/2.1/jaxb-api-2.1.jar:/homelocal/lah/.m2/repository/javax/xml/stream/stax-api/1.0-2/stax-api-1.0-2.jar:/homelocal/lah/.m2/repository/javax/activation/activation/1.1/activation-1.1.jar:/homelocal/lah/.m2/repository/org/codehaus/jackson/jackson-core-asl/1.5.5/jackson-core-asl-1.5.5.jar:/homelocal/lah/.m2/repository/org/codehaus/jackson/jackson-mapper-asl/1.5.5/jackson-mapper-asl-1.5.5.jar:/homelocal/lah/.m2/repository/org/codehaus/jackson/jackson-jaxrs/1.5.5/jackson-jaxrs-1.5.5.jar:/homelocal/lah/.m2/repository/org/codehaus/jackson/jackson-xc/1.5.5/jackson-xc-1.5.5.jar:/homelocal/lah/.m2/repository/junit/junit/4.8.2/junit-4.8.2.jar:/homelocal/lah/.m2/repository/com/sun/jersey/jersey-client/1.4/jersey-client-1.4.jar:"/>
    <property name="java.specification.name" value="Java Platform API Specification"/>
    <property name="java.class.version" value="50.0"/>
    <property name="sun.management.compiler" value="HotSpot Tiered Compilers"/>
    <property name="os.version" value="2.6.38-13-generic"/>
    <property name="user.home" value="/homelocal/lah"/>
    <property name="user.timezone" value=""/>
    <property name="java.awt.printerjob" value="sun.print.PSPrinterJob"/>
    <property name="file.encoding" value="UTF-8"/>
    <property name="java.specification.version" value="1.6"/>
    <property name="user.name" value="lah"/>
    <property name="java.class.path" value="/homelocal/lah/git/fsnet/mobile-services-client/target/test-classes:/homelocal/lah/git/fsnet/mobile-services-client/target/classes:/homelocal/lah/git/fsnet/mobile-services-model/target/mobile-services.jar:/homelocal/lah/.m2/repository/com/sun/jersey/jersey-json/1.4/jersey-json-1.4.jar:/homelocal/lah/.m2/repository/com/sun/jersey/jersey-core/1.4/jersey-core-1.4.jar:/homelocal/lah/.m2/repository/org/codehaus/jettison/jettison/1.1/jettison-1.1.jar:/homelocal/lah/.m2/repository/stax/stax-api/1.0.1/stax-api-1.0.1.jar:/homelocal/lah/.m2/repository/com/sun/xml/bind/jaxb-impl/2.1.12/jaxb-impl-2.1.12.jar:/homelocal/lah/.m2/repository/javax/xml/bind/jaxb-api/2.1/jaxb-api-2.1.jar:/homelocal/lah/.m2/repository/javax/xml/stream/stax-api/1.0-2/stax-api-1.0-2.jar:/homelocal/lah/.m2/repository/javax/activation/activation/1.1/activation-1.1.jar:/homelocal/lah/.m2/repository/org/codehaus/jackson/jackson-core-asl/1.5.5/jackson-core-asl-1.5.5.jar:/homelocal/lah/.m2/repository/org/codehaus/jackson/jackson-mapper-asl/1.5.5/jackson-mapper-asl-1.5.5.jar:/homelocal/lah/.m2/repository/org/codehaus/jackson/jackson-jaxrs/1.5.5/jackson-jaxrs-1.5.5.jar:/homelocal/lah/.m2/repository/org/codehaus/jackson/jackson-xc/1.5.5/jackson-xc-1.5.5.jar:/homelocal/lah/.m2/repository/junit/junit/4.8.2/junit-4.8.2.jar:/homelocal/lah/.m2/repository/com/sun/jersey/jersey-client/1.4/jersey-client-1.4.jar:"/>
    <property name="java.vm.specification.version" value="1.0"/>
    <property name="sun.arch.data.model" value="32"/>
    <property name="java.home" value="/usr/lib/jvm/java-6-openjdk/jre"/>
    <property name="sun.java.command" value="/homelocal/lah/git/fsnet/mobile-services-client/target/surefire/surefirebooter7941520547108619147.jar /homelocal/lah/git/fsnet/mobile-services-client/target/surefire/surefire2292419484148673730tmp /homelocal/lah/git/fsnet/mobile-services-client/target/surefire/surefire1640924786012985463tmp"/>
    <property name="java.specification.vendor" value="Sun Microsystems Inc."/>
    <property name="user.language" value="fr"/>
    <property name="java.vm.info" value="mixed mode"/>
    <property name="java.version" value="1.6.0_22"/>
    <property name="java.ext.dirs" value="/usr/lib/jvm/java-6-openjdk/jre/lib/ext:/usr/java/packages/lib/ext"/>
    <property name="sun.boot.class.path" value="/usr/lib/jvm/java-6-openjdk/jre/lib/resources.jar:/usr/lib/jvm/java-6-openjdk/jre/lib/rt.jar:/usr/lib/jvm/java-6-openjdk/jre/lib/sunrsasign.jar:/usr/lib/jvm/java-6-openjdk/jre/lib/jsse.jar:/usr/lib/jvm/java-6-openjdk/jre/lib/jce.jar:/usr/lib/jvm/java-6-openjdk/jre/lib/charsets.jar:/usr/lib/jvm/java-6-openjdk/jre/lib/netx.jar:/usr/lib/jvm/java-6-openjdk/jre/lib/plugin.jar:/usr/lib/jvm/java-6-openjdk/jre/lib/rhino.jar:/usr/lib/jvm/java-6-openjdk/jre/lib/modules/jdk.boot.jar:/usr/lib/jvm/java-6-openjdk/jre/classes"/>
    <property name="java.vendor" value="Sun Microsystems Inc."/>
    <property name="localRepository" value="/homelocal/lah/.m2/repository"/>
    <property name="file.separator" value="/"/>
    <property name="java.vendor.url.bug" value="http://java.sun.com/cgi-bin/bugreport.cgi"/>
    <property name="sun.cpu.endian" value="little"/>
    <property name="sun.io.unicode.encoding" value="UnicodeLittle"/>
    <property name="sun.desktop" value="gnome"/>
    <property name="sun.cpu.isalist" value=""/>
  </properties>
  <testcase time="0.002" classname="fr.univartois.ili.fsnet.mobile.services.client.MessagesTest" name="empty"/>
  <testcase time="0" classname="fr.univartois.ili.fsnet.mobile.services.client.MessagesTest" name="newMessages"/>
</testsuite>